<?xml version="1.0" encoding="UTF-8"?>
<testng-results skipped="0" failed="0" total="1" passed="1">
  <reporter-output>
  </reporter-output>
  <suite name="Default suite" duration-ms="66815" started-at="2018-07-22T16:11:45Z" finished-at="2018-07-22T16:12:52Z">
    <groups>
      <group name="cucumber">
        <method signature="AbstractTestNGCucumberTests.feature(cucumber.api.testng.CucumberFeatureWrapper)[pri:0, instance:addtocart.runner.AddToCartRunner@6eebc39e]" name="feature" class="cucumber.api.testng.AbstractTestNGCucumberTests"/>
      </group> <!-- cucumber -->
    </groups>
    <test name="Default test" duration-ms="66815" started-at="2018-07-22T16:11:45Z" finished-at="2018-07-22T16:12:52Z">
      <class name="addtocart.runner.AddToCartRunner">
        <test-method status="PASS" signature="setUpClass()[pri:0, instance:addtocart.runner.AddToCartRunner@6eebc39e]" name="setUpClass" is-config="true" duration-ms="207" started-at="2018-07-22T09:11:45Z" finished-at="2018-07-22T09:11:45Z">
          <reporter-output>
          </reporter-output>
        </test-method> <!-- setUpClass -->
        <test-method status="PASS" signature="feature(cucumber.api.testng.CucumberFeatureWrapper)[pri:0, instance:addtocart.runner.AddToCartRunner@6eebc39e]" name="feature" duration-ms="66404" started-at="2018-07-22T09:11:45Z" description="Runs Cucumber Feature" data-provider="features" finished-at="2018-07-22T09:12:51Z">
          <params>
            <param index="0">
              <value>
                <![CDATA[Login and add to cart]]>
              </value>
            </param>
          </params>
          <reporter-output>
          </reporter-output>
        </test-method> <!-- feature -->
        <test-method status="PASS" signature="tearDownClass()[pri:0, instance:addtocart.runner.AddToCartRunner@6eebc39e]" name="tearDownClass" is-config="true" duration-ms="120" started-at="2018-07-22T09:12:51Z" finished-at="2018-07-22T09:12:52Z">
          <reporter-output>
          </reporter-output>
        </test-method> <!-- tearDownClass -->
      </class> <!-- addtocart.runner.AddToCartRunner -->
    </test> <!-- Default test -->
  </suite> <!-- Default suite -->
</testng-results>
